#
# A fatal error has been detected by the Java Runtime Environment:
#
#  Internal Error (exceptions.cpp:461), pid=5856, tid=0x0000000000000754
#  fatal error: ExceptionMark constructor expects no pending exceptions
#
# JRE version: OpenJDK Runtime Environment (8.0_422-b05) (build 1.8.0_422-b05)
# Java VM: OpenJDK 64-Bit Server VM (25.422-b05 mixed mode windows-amd64 compressed oops)
# Failed to write core dump. Minidumps are not enabled by default on client versions of Windows
#
# If you would like to submit a bug report, please visit:
#   https://github.com/adoptium/adoptium-support/issues
#

---------------  T H R E A D  ---------------

Current thread (0x000000d7ff99d000):  JavaThread "main" [_thread_in_vm, id=1876, stack(0x000000d7ffdc0000,0x000000d7ffec0000)]

Stack: [0x000000d7ffdc0000,0x000000d7ffec0000]
[error occurred during error reporting (printing stack bounds), id 0xc0000005]

Native frames: (J=compiled Java code, j=interpreted, Vv=VM code, C=native code)


---------------  P R O C E S S  ---------------

Java Threads: ( => current thread )
  0x000000d791b8f800 JavaThread "Attach Listener" daemon [_thread_blocked, id=6028, stack(0x000000d792b20000,0x000000d792c20000)]
  0x000000d791b8c800 JavaThread "Signal Dispatcher" daemon [_thread_blocked, id=6056, stack(0x000000d792a20000,0x000000d792b20000)]
  0x000000d79142f000 JavaThread "Finalizer" daemon [_thread_blocked, id=6076, stack(0x000000d792830000,0x000000d792930000)]
  0x000000d791b66000 JavaThread "Reference Handler" daemon [_thread_blocked, id=6072, stack(0x000000d792730000,0x000000d792830000)]
=>0x000000d7ff99d000 JavaThread "main" [_thread_in_vm, id=1876, stack(0x000000d7ffdc0000,0x000000d7ffec0000)]

Other Threads:
  0x000000d791b43800 VMThread [stack: 0x000000d792630000,0x000000d792730000] [id=6068]

VM state:not at safepoint (normal execution)

VM Mutex/Monitor currently owned by a thread: None

heap address: 0x00000000ff000000, size: 16 MB, Compressed Oops mode: 32-bit
Narrow klass base: 0x0000000000000000, Narrow klass shift: 3
Compressed class space size: 1073741824 Address: 0x0000000100000000

Heap:
 PSYoungGen      total 4608K, used 261K [0x00000000ffb00000, 0x0000000100000000, 0x0000000100000000)
  eden space 4096K, 6% used [0x00000000ffb00000,0x00000000ffb41788,0x00000000fff00000)
  from space 512K, 0% used [0x00000000fff80000,0x00000000fff80000,0x0000000100000000)
  to   space 512K, 0% used [0x00000000fff00000,0x00000000fff00000,0x00000000fff80000)
 ParOldGen       total 11264K, used 0K [0x00000000ff000000, 0x00000000ffb00000, 0x00000000ffb00000)
  object space 11264K, 0% used [0x00000000ff000000,0x00000000ff000000,0x00000000ffb00000)
 Metaspace       used 2128K, capacity 4480K, committed 4480K, reserved 1056768K
  class space    used 228K, capacity 384K, committed 384K, reserved 1048576K

Card table byte_map: [0x000000d7ff950000,0x000000d7ff960000] byte_map_base: 0x000000d7ff158000

Marking Bits: (ParMarkBitMap*) 0x00000000546918f0
 Begin Bits: [0x000000d790ac0000, 0x000000d790b00000)
 End Bits:   [0x000000d790b00000, 0x000000d790b40000)

Polling page: 0x000000d7ff920000

CodeCache: size=245760Kb used=439Kb max_used=439Kb free=245320Kb
 bounds [0x000000d781400000, 0x000000d781670000, 0x000000d790400000]
 total_blobs=168 nmethods=0 adapters=134
 compilation: enabled

Compilation events (0 events):
No events

GC Heap History (0 events):
No events

Deoptimization events (0 events):
No events

Classes redefined (0 events):
No events

Internal exceptions (3 events):
Event: 0.109 Thread 0x000000d7ff99d000 Exception <a 'java/lang/NoSuchMethodError': Method sun.misc.Unsafe.defineClass(Ljava/lang/String;[BII)Ljava/lang/Class; name or signature does not match> (0x00000000ffb07cd8) thrown at [C:\workspace\openjdk-build\workspace\build\src\hotspot\src\share\vm\p
Event: 0.109 Thread 0x000000d7ff99d000 Exception <a 'java/lang/NoSuchMethodError': Method sun.misc.Unsafe.prefetchRead(Ljava/lang/Object;J)V name or signature does not match> (0x00000000ffb07fc0) thrown at [C:\workspace\openjdk-build\workspace\build\src\hotspot\src\share\vm\prims\jni.cpp, line
Event: 0.177 Thread 0x000000d7ff99d000 Exception <a 'java/lang/ClassNotFoundException': error in opening JAR file <Zip file open error> C:\Users\Scherlandro\AppData\Roaming\Code\User\globalStorage\pleiades.java-extension-pack-jdk\java\8\jre\lib\jfr.jar> (0x00000000ffb3f6d0) thrown at [C:\works

Events (10 events):
Event: 0.174 loading class sun/net/www/protocol/file/Handler
Event: 0.174 loading class sun/net/www/protocol/file/Handler done
Event: 0.174 loading class sun/net/util/IPAddressUtil
Event: 0.174 loading class sun/net/util/IPAddressUtil done
Event: 0.174 loading class java/lang/SystemClassLoaderAction
Event: 0.175 loading class java/lang/SystemClassLoaderAction done
Event: 0.175 Thread 0x000000d791b8c800 Thread added: 0x000000d791b8c800
Event: 0.175 Thread 0x000000d791b8f800 Thread added: 0x000000d791b8f800
Event: 0.175 loading class jdk/jfr/internal/EventWriter
Event: 0.177 loading class jdk/jfr/internal/EventWriter done


Dynamic libraries:
0x00007ff68f1f0000 - 0x00007ff68f241000 	C:\Users\Scherlandro\AppData\Roaming\Code\User\globalStorage\pleiades.java-extension-pack-jdk\java\8\bin\javaw.exe
0x00007ffa6a540000 - 0x00007ffa6a6ed000 	C:\Windows\SYSTEM32\ntdll.dll
0x00007ffa67bc0000 - 0x00007ffa67cff000 	C:\Windows\system32\KERNEL32.DLL
0x00007ffa67790000 - 0x00007ffa678a4000 	C:\Windows\system32\KERNELBASE.dll
0x00007ffa68480000 - 0x00007ffa6852d000 	C:\Windows\system32\ADVAPI32.dll
0x00007ffa68dc0000 - 0x00007ffa68f37000 	C:\Windows\system32\USER32.dll
0x00007ffa65700000 - 0x00007ffa6597b000 	C:\Windows\WinSxS\amd64_microsoft.windows.common-controls_6595b64144ccf1df_6.0.9600.19394_none_62486577ecb635cf\COMCTL32.dll
0x00007ffa67d00000 - 0x00007ffa67daa000 	C:\Windows\system32\msvcrt.dll
0x00007ffa68f40000 - 0x00007ffa68f9b000 	C:\Windows\SYSTEM32\sechost.dll
0x00007ffa68730000 - 0x00007ffa68865000 	C:\Windows\system32\RPCRT4.dll
0x00007ffa68c70000 - 0x00007ffa68dbf000 	C:\Windows\system32\GDI32.dll
0x00007ffa67760000 - 0x00007ffa6778e000 	C:\Windows\system32\SspiCli.dll
0x00007ffa68530000 - 0x00007ffa68566000 	C:\Windows\system32\IMM32.DLL
0x00007ffa68b10000 - 0x00007ffa68c61000 	C:\Windows\system32\MSCTF.dll
0x00007ffa5c430000 - 0x00007ffa5c445000 	C:\Users\Scherlandro\AppData\Roaming\Code\User\globalStorage\pleiades.java-extension-pack-jdk\java\8\jre\bin\vcruntime140.dll
0x00007ffa5d7b0000 - 0x00007ffa5d7b4000 	C:\Windows\SYSTEM32\api-ms-win-crt-runtime-l1-1-0.dll
0x00007ffa5c2f0000 - 0x00007ffa5c2f3000 	C:\Windows\SYSTEM32\api-ms-win-crt-heap-l1-1-0.dll
0x00007ffa5c2e0000 - 0x00007ffa5c2e4000 	C:\Windows\SYSTEM32\api-ms-win-crt-string-l1-1-0.dll
0x00007ffa5be00000 - 0x00007ffa5be04000 	C:\Windows\SYSTEM32\api-ms-win-crt-stdio-l1-1-0.dll
0x00007ffa5bdf0000 - 0x00007ffa5bdf4000 	C:\Windows\SYSTEM32\api-ms-win-crt-convert-l1-1-0.dll
0x00007ffa52630000 - 0x00007ffa52724000 	C:\Windows\SYSTEM32\ucrtbase.DLL
0x00007ffa52ac0000 - 0x00007ffa52b5b000 	C:\Users\Scherlandro\AppData\Roaming\Code\User\globalStorage\pleiades.java-extension-pack-jdk\java\8\jre\bin\msvcp140.dll
0x00007ffa5bde0000 - 0x00007ffa5bde3000 	C:\Windows\SYSTEM32\api-ms-win-crt-locale-l1-1-0.dll
0x00007ffa5bbd0000 - 0x00007ffa5bbd5000 	C:\Windows\SYSTEM32\api-ms-win-crt-math-l1-1-0.dll
0x00007ffa5bbc0000 - 0x00007ffa5bbc3000 	C:\Windows\SYSTEM32\api-ms-win-crt-filesystem-l1-1-0.dll
0x00007ffa5bbb0000 - 0x00007ffa5bbb3000 	C:\Windows\SYSTEM32\api-ms-win-crt-time-l1-1-0.dll
0x00007ffa5bba0000 - 0x00007ffa5bba3000 	C:\Windows\SYSTEM32\api-ms-win-crt-environment-l1-1-0.dll
0x00007ffa5baf0000 - 0x00007ffa5baf3000 	C:\Windows\SYSTEM32\api-ms-win-crt-utility-l1-1-0.dll
0x0000000053eb0000 - 0x000000005470a000 	C:\Users\Scherlandro\AppData\Roaming\Code\User\globalStorage\pleiades.java-extension-pack-jdk\java\8\jre\bin\server\jvm.dll
0x00007ffa5bae0000 - 0x00007ffa5bae9000 	C:\Windows\SYSTEM32\WSOCK32.dll
0x00007ffa5cde0000 - 0x00007ffa5ce02000 	C:\Windows\SYSTEM32\WINMM.dll
0x00007ffa5ed40000 - 0x00007ffa5ed4a000 	C:\Windows\SYSTEM32\VERSION.dll
0x00007ffa68870000 - 0x00007ffa68877000 	C:\Windows\system32\PSAPI.DLL
0x00007ffa68fb0000 - 0x00007ffa6900a000 	C:\Windows\system32\WS2_32.dll
0x00007ffa5cda0000 - 0x00007ffa5cdca000 	C:\Windows\SYSTEM32\WINMMBASE.dll
0x00007ffa67f90000 - 0x00007ffa67f99000 	C:\Windows\system32\NSI.dll
0x00007ffa676b0000 - 0x00007ffa676ff000 	C:\Windows\SYSTEM32\cfgmgr32.dll
0x00007ffa66420000 - 0x00007ffa66448000 	C:\Windows\SYSTEM32\DEVOBJ.dll
0x00007ffa5bad0000 - 0x00007ffa5bae0000 	C:\Users\Scherlandro\AppData\Roaming\Code\User\globalStorage\pleiades.java-extension-pack-jdk\java\8\jre\bin\verify.dll
0x00007ffa530a0000 - 0x00007ffa530cb000 	C:\Users\Scherlandro\AppData\Roaming\Code\User\globalStorage\pleiades.java-extension-pack-jdk\java\8\jre\bin\java.dll
0x00007ffa54050000 - 0x00007ffa54068000 	C:\Users\Scherlandro\AppData\Roaming\Code\User\globalStorage\pleiades.java-extension-pack-jdk\java\8\jre\bin\zip.dll
0x00007ffa69010000 - 0x00007ffa6a53f000 	C:\Windows\system32\SHELL32.dll
0x00007ffa67fa0000 - 0x00007ffa681b2000 	C:\Windows\SYSTEM32\combase.dll
0x00007ffa688a0000 - 0x00007ffa688f4000 	C:\Windows\system32\SHLWAPI.dll
0x00007ffa65b80000 - 0x00007ffa65c32000 	C:\Windows\SYSTEM32\SHCORE.dll
0x00007ffa675e0000 - 0x00007ffa675f5000 	C:\Windows\SYSTEM32\profapi.dll

VM Arguments:
jvm_args: -Xmx16m 
java_command: org.eclipse.jdt.internal.launching.support.LibraryDetector
java_class_path (initial): C:\Users\Scherlandro\AppData\Roaming\Code\User\globalStorage\redhat.java\1.35.1\config_win\org.eclipse.osgi\56\0\.cp\lib\launchingsupport.jar
Launcher Type: SUN_STANDARD

Environment Variables:
JAVA_HOME=C:\Program Files\Java\jdk-21
PATH=C:\Program Files\Common Files\Oracle\Java\javapath;C:\Windows\system32;C:\Windows;C:\Windows\System32\Wbem;C:\Windows\System32\WindowsPowerShell\v1.0\;%JAVA_HOME%\bin;C:\Program Files\nodejs\;C:\Users\Scherlandro\AppData\Local\Programs\Microsoft VS Code\bin;C:\Users\Scherlandro\AppData\Roaming\npm;C:\Program Files\JetBrains\IntelliJ IDEA Community Edition 2024.1.2\bin;
USERNAME=SpaceIU
OS=Windows_NT
PROCESSOR_IDENTIFIER=Intel64 Family 6 Model 69 Stepping 1, GenuineIntel



---------------  S Y S T E M  ---------------

OS: Windows 8.1 , 64 bit Build 9600 (6.3.9600.20778)

CPU:total 4 (initial active 4) (2 cores per cpu, 2 threads per core) family 6 model 69 stepping 1, cmov, cx8, fxsr, mmx, sse, sse2, sse3, ssse3, sse4.1, sse4.2, popcnt, avx, avx2, aes, clmul, erms, lzcnt, ht, tsc, tscinvbit, bmi1, bmi2

Memory: 4k page, physical 8266712k(3582192k free), swap 9577432k(4579368k free)

vm_info: OpenJDK 64-Bit Server VM (25.422-b05) for windows-amd64 JRE (1.8.0_422-b05), built on Jul 18 2024 13:37:58 by "jenkins" with MS VC++ 15.9 (VS2017)

time: Tue Oct 22 15:00:26 2024
timezone: E. South America Standard Time
elapsed time: 0.189239 seconds (0d 0h 0m 0s)

